2017-08-26 17:20:11,680 [      0]   INFO - etbrains.jps.cmdline.BuildMain - Build process started. Classpath: C:/Program Files/JetBrains/IntelliJ IDEA 2017.2.2/lib/jps-launcher.jar;C:/Program Files/Java/jdk1.8.0_144/lib/tools.jar;C:/Program Files/JetBrains/IntelliJ IDEA 2017.2.2/lib/optimizedFileManager.jar
2017-08-26 17:20:11,917 [    237]   INFO - til.internal.PlatformDependent - Your platform does not provide complete low-level API for accessing direct buffers reliably. Unless explicitly requested, heap buffer will always be preferred to avoid potential system instability.
2017-08-26 17:20:13,853 [   2173]   INFO - etbrains.jps.cmdline.BuildMain - Connection to IDE established in 2067 ms
2017-08-26 17:20:14,187 [   2507]   INFO - jps.cmdline.JpsModelLoaderImpl - Loading model: project path = C:/Users/cevan/Documents/MEGA/GitStuff/practise/DnD-Character-Creator, global options path = C:/Users/cevan/.IntelliJIdea2017.2/config/options
2017-08-26 17:20:14,884 [   3204]   INFO - jps.cmdline.JpsModelLoaderImpl - Model loaded in 696 ms
2017-08-26 17:20:14,884 [   3204]   INFO - jps.cmdline.JpsModelLoaderImpl - Project has 1 modules, 0 libraries
2017-08-26 17:20:15,268 [   3588]   INFO - ellij.util.io.PagedFileStorage - lower=100; upper=500; buffer=10; max=602
2017-08-26 17:20:15,904 [   4224]   INFO - .incremental.IncProjectBuilder - Building project; isRebuild:true; isMake:false parallel compilation:false
2017-08-26 17:20:15,910 [   4230]   INFO - kotlin.jps.build.KotlinBuilder - is Kotlin incremental compilation enabled: true
2017-08-26 17:20:15,910 [   4230]   INFO - kotlin.jps.build.KotlinBuilder - is Kotlin experimental incremental compilation enabled: true
2017-08-26 17:20:15,960 [   4280]   INFO - kotlin.jps.build.KotlinBuilder - is Kotlin compiler daemon enabled: true
2017-08-26 17:20:15,960 [   4280]   INFO - kotlin.jps.build.KotlinBuilder - Label in local history: build started 72ab929e
2017-08-26 17:20:16,100 [   4420]   INFO - CompilerBackwardReferenceIndex - backward reference index version differ due to: class java.io.FileNotFoundException
2017-08-26 17:20:16,384 [   4704]   INFO - .incremental.IncProjectBuilder - Cleaned output directories in 15 ms
2017-08-26 17:20:17,009 [   5329]   INFO - s.incremental.java.JavaBuilder - Compiling 10 java files; module: DnD-Character-Creator
2017-08-26 17:20:18,306 [   6626]   INFO - penapi.util.io.win32.IdeaWin32 - Native filesystem for Windows is operational
2017-08-26 17:20:18,419 [   6739]   INFO - rains.jps.cmdline.BuildSession - Build duration: 'java' builder took 1156 ms, 10 sources processed
2017-08-26 17:20:18,427 [   6747]   INFO - s.incremental.java.JavaBuilder - javac 1.8.0_144 was used to compile [DnD-Character-Creator]
2017-08-26 17:20:19,891 [      0]   INFO - etbrains.jps.cmdline.BuildMain - Build process started. Classpath: C:/Program Files/JetBrains/IntelliJ IDEA 2017.2.2/lib/jps-launcher.jar;C:/Program Files/Java/jdk1.8.0_144/lib/tools.jar;C:/Program Files/JetBrains/IntelliJ IDEA 2017.2.2/lib/optimizedFileManager.jar
2017-08-26 17:20:20,023 [    132]   INFO - til.internal.PlatformDependent - Your platform does not provide complete low-level API for accessing direct buffers reliably. Unless explicitly requested, heap buffer will always be preferred to avoid potential system instability.
2017-08-26 17:20:23,066 [   3175]   INFO - etbrains.jps.cmdline.BuildMain - Connection to IDE established in 3095 ms
2017-08-26 17:20:23,080 [   3189]   INFO - penapi.util.io.win32.IdeaWin32 - Native filesystem for Windows is operational
2017-08-26 17:20:23,099 [   3208]   INFO - jps.cmdline.JpsModelLoaderImpl - Loading model: project path = C:/Users/cevan/Documents/MEGA/GitStuff/practise/DnD-Character-Creator, global options path = C:/Users/cevan/.IntelliJIdea2017.2/config/options
2017-08-26 17:20:23,444 [   3553]   INFO - jps.cmdline.JpsModelLoaderImpl - Model loaded in 345 ms
2017-08-26 17:20:23,445 [   3554]   INFO - jps.cmdline.JpsModelLoaderImpl - Project has 1 modules, 0 libraries
2017-08-26 17:20:23,584 [   3693]   INFO - ellij.util.io.PagedFileStorage - lower=100; upper=500; buffer=10; max=602
2017-08-26 17:20:23,992 [   4101]   INFO - etbrains.jps.cmdline.BuildMain - Pre-loaded process ready in 4102 ms
2017-08-26 17:20:24,047 [   4156]   INFO - etbrains.jps.cmdline.BuildMain - Build canceled, but no build session is running. Exiting.
2017-08-26 17:21:10,327 [      0]   INFO - etbrains.jps.cmdline.BuildMain - Build process started. Classpath: C:/Program Files/JetBrains/IntelliJ IDEA 2017.2.2/lib/jps-launcher.jar;C:/Program Files/Java/jdk1.8.0_144/lib/tools.jar;C:/Program Files/JetBrains/IntelliJ IDEA 2017.2.2/lib/optimizedFileManager.jar
2017-08-26 17:21:10,425 [     98]   INFO - til.internal.PlatformDependent - Your platform does not provide complete low-level API for accessing direct buffers reliably. Unless explicitly requested, heap buffer will always be preferred to avoid potential system instability.
2017-08-26 17:21:11,996 [   1669]   INFO - etbrains.jps.cmdline.BuildMain - Connection to IDE established in 1620 ms
2017-08-26 17:21:12,082 [   1755]   INFO - jps.cmdline.JpsModelLoaderImpl - Loading model: project path = C:/Users/cevan/Documents/MEGA/GitStuff/practise/DnD-Character-Creator, global options path = C:/Users/cevan/.IntelliJIdea2017.2/config/options
2017-08-26 17:21:12,380 [   2053]   INFO - jps.cmdline.JpsModelLoaderImpl - Model loaded in 298 ms
2017-08-26 17:21:12,380 [   2053]   INFO - jps.cmdline.JpsModelLoaderImpl - Project has 1 modules, 0 libraries
2017-08-26 17:21:12,481 [   2154]   INFO - ellij.util.io.PagedFileStorage - lower=100; upper=500; buffer=10; max=602
2017-08-26 17:21:12,616 [   2289]   INFO - .incremental.IncProjectBuilder - Building project; isRebuild:false; isMake:true parallel compilation:false
2017-08-26 17:21:12,619 [   2292]   INFO - kotlin.jps.build.KotlinBuilder - is Kotlin incremental compilation enabled: true
2017-08-26 17:21:12,619 [   2292]   INFO - kotlin.jps.build.KotlinBuilder - is Kotlin experimental incremental compilation enabled: true
2017-08-26 17:21:12,646 [   2319]   INFO - kotlin.jps.build.KotlinBuilder - is Kotlin compiler daemon enabled: true
2017-08-26 17:21:12,647 [   2320]   INFO - kotlin.jps.build.KotlinBuilder - Label in local history: build started 71837390
2017-08-26 17:21:12,682 [   2355]   INFO - .incremental.IncProjectBuilder - Cleaned output directories in 2 ms
2017-08-26 17:21:12,949 [   2622]   INFO - penapi.util.io.win32.IdeaWin32 - Native filesystem for Windows is operational
2017-08-26 17:21:13,934 [      0]   INFO - etbrains.jps.cmdline.BuildMain - Build process started. Classpath: C:/Program Files/JetBrains/IntelliJ IDEA 2017.2.2/lib/jps-launcher.jar;C:/Program Files/Java/jdk1.8.0_144/lib/tools.jar;C:/Program Files/JetBrains/IntelliJ IDEA 2017.2.2/lib/optimizedFileManager.jar
2017-08-26 17:21:14,028 [     94]   INFO - til.internal.PlatformDependent - Your platform does not provide complete low-level API for accessing direct buffers reliably. Unless explicitly requested, heap buffer will always be preferred to avoid potential system instability.
2017-08-26 17:21:15,608 [   1674]   INFO - etbrains.jps.cmdline.BuildMain - Connection to IDE established in 1624 ms
2017-08-26 17:21:15,622 [   1688]   INFO - penapi.util.io.win32.IdeaWin32 - Native filesystem for Windows is operational
2017-08-26 17:21:15,638 [   1704]   INFO - jps.cmdline.JpsModelLoaderImpl - Loading model: project path = C:/Users/cevan/Documents/MEGA/GitStuff/practise/DnD-Character-Creator, global options path = C:/Users/cevan/.IntelliJIdea2017.2/config/options
2017-08-26 17:21:15,947 [   2013]   INFO - jps.cmdline.JpsModelLoaderImpl - Model loaded in 309 ms
2017-08-26 17:21:15,947 [   2013]   INFO - jps.cmdline.JpsModelLoaderImpl - Project has 1 modules, 0 libraries
2017-08-26 17:21:16,027 [   2093]   INFO - ellij.util.io.PagedFileStorage - lower=100; upper=500; buffer=10; max=602
2017-08-26 17:21:16,150 [   2216]   INFO - etbrains.jps.cmdline.BuildMain - Pre-loaded process ready in 2217 ms
2017-08-26 21:41:29,029 [15615095]   INFO - etbrains.jps.cmdline.BuildMain - Build canceled, but no build session is running. Exiting.
2017-08-30 00:00:23,563 [      0]   INFO - etbrains.jps.cmdline.BuildMain - Build process started. Classpath: C:/Program Files/JetBrains/IntelliJ IDEA 2017.2.2/lib/jps-launcher.jar;C:/Program Files/Java/jdk1.8.0_144/lib/tools.jar;C:/Program Files/JetBrains/IntelliJ IDEA 2017.2.2/lib/optimizedFileManager.jar
2017-08-30 00:00:24,332 [    769]   INFO - til.internal.PlatformDependent - Your platform does not provide complete low-level API for accessing direct buffers reliably. Unless explicitly requested, heap buffer will always be preferred to avoid potential system instability.
2017-08-30 00:00:28,759 [   5196]   INFO - etbrains.jps.cmdline.BuildMain - Connection to IDE established in 4882 ms
2017-08-30 00:00:29,338 [   5775]   INFO - jps.cmdline.JpsModelLoaderImpl - Loading model: project path = C:/Users/cevan/Documents/MEGA/GitStuff/practise/DnD-Character-Creator, global options path = C:/Users/cevan/.IntelliJIdea2017.2/config/options
2017-08-30 00:00:30,763 [   7200]   INFO - jps.cmdline.JpsModelLoaderImpl - Model loaded in 1425 ms
2017-08-30 00:00:30,764 [   7201]   INFO - jps.cmdline.JpsModelLoaderImpl - Project has 1 modules, 0 libraries
2017-08-30 00:00:31,515 [   7952]   INFO - ellij.util.io.PagedFileStorage - lower=100; upper=500; buffer=10; max=602
2017-08-30 00:00:32,696 [   9133]   INFO - penapi.util.io.win32.IdeaWin32 - Native filesystem for Windows is operational
2017-08-30 00:00:33,729 [      0]   INFO - etbrains.jps.cmdline.BuildMain - Build process started. Classpath: C:/Program Files/JetBrains/IntelliJ IDEA 2017.2.2/lib/jps-launcher.jar;C:/Program Files/Java/jdk1.8.0_144/lib/tools.jar;C:/Program Files/JetBrains/IntelliJ IDEA 2017.2.2/lib/optimizedFileManager.jar
2017-08-30 00:00:33,845 [    116]   INFO - til.internal.PlatformDependent - Your platform does not provide complete low-level API for accessing direct buffers reliably. Unless explicitly requested, heap buffer will always be preferred to avoid potential system instability.
2017-08-30 00:00:36,001 [   2272]   INFO - etbrains.jps.cmdline.BuildMain - Connection to IDE established in 2214 ms
2017-08-30 00:00:36,021 [   2292]   INFO - penapi.util.io.win32.IdeaWin32 - Native filesystem for Windows is operational
2017-08-30 00:00:36,042 [   2313]   INFO - jps.cmdline.JpsModelLoaderImpl - Loading model: project path = C:/Users/cevan/Documents/MEGA/GitStuff/practise/DnD-Character-Creator, global options path = C:/Users/cevan/.IntelliJIdea2017.2/config/options
2017-08-30 00:00:36,509 [   2780]   INFO - jps.cmdline.JpsModelLoaderImpl - Model loaded in 467 ms
2017-08-30 00:00:36,509 [   2780]   INFO - jps.cmdline.JpsModelLoaderImpl - Project has 1 modules, 0 libraries
2017-08-30 00:00:36,616 [   2887]   INFO - ellij.util.io.PagedFileStorage - lower=100; upper=500; buffer=10; max=602
2017-08-30 00:00:36,782 [   3053]   INFO - etbrains.jps.cmdline.BuildMain - Pre-loaded process ready in 3055 ms
2017-08-30 00:04:15,011 [ 221282]   INFO - etbrains.jps.cmdline.BuildMain - Build canceled, but no build session is running. Exiting.
2017-09-06 19:25:00,851 [      0]   INFO - etbrains.jps.cmdline.BuildMain - Build process started. Classpath: C:/Program Files/JetBrains/IntelliJ IDEA 2017.2.2/lib/jps-launcher.jar;C:/Program Files/Java/jdk1.8.0_144/lib/tools.jar;C:/Program Files/JetBrains/IntelliJ IDEA 2017.2.2/lib/optimizedFileManager.jar
2017-09-06 19:25:01,504 [    653]   INFO - til.internal.PlatformDependent - Your platform does not provide complete low-level API for accessing direct buffers reliably. Unless explicitly requested, heap buffer will always be preferred to avoid potential system instability.
2017-09-06 19:25:05,291 [   4440]   INFO - etbrains.jps.cmdline.BuildMain - Connection to IDE established in 4074 ms
2017-09-06 19:25:05,911 [   5060]   INFO - jps.cmdline.JpsModelLoaderImpl - Loading model: project path = C:/Users/cevan/Documents/MEGA/GitStuff/practise/DnD-Character-Creator, global options path = C:/Users/cevan/.IntelliJIdea2017.2/config/options
2017-09-06 19:25:06,916 [   6065]   INFO - jps.cmdline.JpsModelLoaderImpl - Model loaded in 1006 ms
2017-09-06 19:25:06,916 [   6065]   INFO - jps.cmdline.JpsModelLoaderImpl - Project has 1 modules, 0 libraries
2017-09-06 19:25:07,418 [   6567]   INFO - ellij.util.io.PagedFileStorage - lower=100; upper=500; buffer=10; max=602
2017-09-06 19:25:08,456 [   7605]   INFO - penapi.util.io.win32.IdeaWin32 - Native filesystem for Windows is operational
2017-09-06 19:25:09,902 [      0]   INFO - etbrains.jps.cmdline.BuildMain - Build process started. Classpath: C:/Program Files/JetBrains/IntelliJ IDEA 2017.2.2/lib/jps-launcher.jar;C:/Program Files/Java/jdk1.8.0_144/lib/tools.jar;C:/Program Files/JetBrains/IntelliJ IDEA 2017.2.2/lib/optimizedFileManager.jar
2017-09-06 19:25:10,043 [    141]   INFO - til.internal.PlatformDependent - Your platform does not provide complete low-level API for accessing direct buffers reliably. Unless explicitly requested, heap buffer will always be preferred to avoid potential system instability.
2017-09-06 19:25:11,626 [   1724]   INFO - etbrains.jps.cmdline.BuildMain - Connection to IDE established in 1658 ms
2017-09-06 19:25:11,642 [   1740]   INFO - penapi.util.io.win32.IdeaWin32 - Native filesystem for Windows is operational
2017-09-06 19:25:11,657 [   1755]   INFO - jps.cmdline.JpsModelLoaderImpl - Loading model: project path = C:/Users/cevan/Documents/MEGA/GitStuff/practise/DnD-Character-Creator, global options path = C:/Users/cevan/.IntelliJIdea2017.2/config/options
2017-09-06 19:25:12,021 [   2119]   INFO - jps.cmdline.JpsModelLoaderImpl - Model loaded in 364 ms
2017-09-06 19:25:12,021 [   2119]   INFO - jps.cmdline.JpsModelLoaderImpl - Project has 1 modules, 0 libraries
2017-09-06 19:25:12,125 [   2223]   INFO - ellij.util.io.PagedFileStorage - lower=100; upper=500; buffer=10; max=602
2017-09-06 19:25:12,300 [   2398]   INFO - etbrains.jps.cmdline.BuildMain - Pre-loaded process ready in 2399 ms
2017-09-06 19:29:48,422 [ 278520]   INFO - etbrains.jps.cmdline.BuildMain - Build canceled, but no build session is running. Exiting.
2017-09-06 19:30:20,429 [      0]   INFO - etbrains.jps.cmdline.BuildMain - Build process started. Classpath: C:/Program Files/JetBrains/IntelliJ IDEA 2017.2.2/lib/jps-launcher.jar;C:/Program Files/Java/jdk1.8.0_144/lib/tools.jar;C:/Program Files/JetBrains/IntelliJ IDEA 2017.2.2/lib/optimizedFileManager.jar
2017-09-06 19:30:21,135 [    706]   INFO - til.internal.PlatformDependent - Your platform does not provide complete low-level API for accessing direct buffers reliably. Unless explicitly requested, heap buffer will always be preferred to avoid potential system instability.
2017-09-06 19:30:28,591 [   8162]   INFO - etbrains.jps.cmdline.BuildMain - Connection to IDE established in 7677 ms
2017-09-06 19:30:28,739 [   8310]   INFO - jps.cmdline.JpsModelLoaderImpl - Loading model: project path = C:/Users/cevan/Documents/MEGA/GitStuff/practise/DnD-Character-Creator, global options path = C:/Users/cevan/.IntelliJIdea2017.2/config/options
2017-09-06 19:30:29,171 [   8742]   INFO - jps.cmdline.JpsModelLoaderImpl - Model loaded in 432 ms
2017-09-06 19:30:29,171 [   8742]   INFO - jps.cmdline.JpsModelLoaderImpl - Project has 1 modules, 0 libraries
2017-09-06 19:30:29,291 [   8862]   INFO - ellij.util.io.PagedFileStorage - lower=100; upper=500; buffer=10; max=602
2017-09-06 19:30:29,492 [   9063]   INFO - penapi.util.io.win32.IdeaWin32 - Native filesystem for Windows is operational
2017-09-06 19:30:30,520 [      0]   INFO - etbrains.jps.cmdline.BuildMain - Build process started. Classpath: C:/Program Files/JetBrains/IntelliJ IDEA 2017.2.2/lib/jps-launcher.jar;C:/Program Files/Java/jdk1.8.0_144/lib/tools.jar;C:/Program Files/JetBrains/IntelliJ IDEA 2017.2.2/lib/optimizedFileManager.jar
2017-09-06 19:30:30,606 [     86]   INFO - til.internal.PlatformDependent - Your platform does not provide complete low-level API for accessing direct buffers reliably. Unless explicitly requested, heap buffer will always be preferred to avoid potential system instability.
2017-09-06 19:30:32,030 [   1510]   INFO - etbrains.jps.cmdline.BuildMain - Connection to IDE established in 1465 ms
2017-09-06 19:30:32,044 [   1524]   INFO - penapi.util.io.win32.IdeaWin32 - Native filesystem for Windows is operational
2017-09-06 19:30:32,059 [   1539]   INFO - jps.cmdline.JpsModelLoaderImpl - Loading model: project path = C:/Users/cevan/Documents/MEGA/GitStuff/practise/DnD-Character-Creator, global options path = C:/Users/cevan/.IntelliJIdea2017.2/config/options
2017-09-06 19:30:32,353 [   1833]   INFO - jps.cmdline.JpsModelLoaderImpl - Model loaded in 294 ms
2017-09-06 19:30:32,353 [   1833]   INFO - jps.cmdline.JpsModelLoaderImpl - Project has 1 modules, 0 libraries
2017-09-06 19:30:32,449 [   1929]   INFO - ellij.util.io.PagedFileStorage - lower=100; upper=500; buffer=10; max=602
2017-09-06 19:30:32,584 [   2064]   INFO - etbrains.jps.cmdline.BuildMain - Pre-loaded process ready in 2065 ms
2017-09-06 19:30:42,734 [  12214]   INFO - etbrains.jps.cmdline.BuildMain - Build canceled, but no build session is running. Exiting.
